<?xml version="1.0" encoding="UTF-8"?>
<!-- Generated by org.testng.reporters.JUnitReportReporter -->
<testsuite hostname="sham" failures="0" tests="3" name="com.simplilearn.resttesting.GetRequestTest" time="3.497" errors="0" timestamp="2024-01-20T16:51:25 IST" skipped="0">
  <testcase classname="com.simplilearn.resttesting.GetRequestTest" name="getRequestWithQueryParmsTest" time="0.379"/>
  <testcase classname="com.simplilearn.resttesting.GetRequestTest" name="getRequestTest" time="2.439"/>
  <testcase classname="com.simplilearn.resttesting.GetRequestTest" name="getRequestWithUserIdTest" time="0.679"/>
</testsuite> <!-- com.simplilearn.resttesting.GetRequestTest -->
