<?xml version="1.0" encoding="UTF-8"?>
<!-- Generated by org.testng.reporters.JUnitReportReporter -->
<testsuite hostname="sham" failures="0" tests="1" name="com.simplilearn.authtesting.AuthenticationTest" time="4.009" errors="0" timestamp="2024-01-20T16:42:26 IST" skipped="0">
  <testcase classname="com.simplilearn.authtesting.AuthenticationTest" name="testAuthenticationToken" time="4.009"/>
</testsuite> <!-- com.simplilearn.authtesting.AuthenticationTest -->
