<?xml version="1.0" encoding="UTF-8"?>
<!-- Generated by org.testng.reporters.JUnitReportReporter -->
<testsuite hostname="sham" failures="0" tests="1" name="com.simplilearn.resttesting.PatchRequestTest" time="2.713" errors="0" timestamp="2024-01-20T16:51:56 IST" skipped="0">
  <testcase classname="com.simplilearn.resttesting.PatchRequestTest" name="putRequestTest" time="2.713"/>
</testsuite> <!-- com.simplilearn.resttesting.PatchRequestTest -->
