<?xml version="1.0" encoding="UTF-8"?>
<!-- Generated by org.testng.reporters.JUnitReportReporter -->
<testsuite hostname="sham" failures="0" tests="1" name="com.simplilearn.resttesting.PostRequestTest" time="2.694" errors="0" timestamp="2024-01-20T16:52:36 IST" skipped="0">
  <testcase classname="com.simplilearn.resttesting.PostRequestTest" name="postRequestTest" time="2.694"/>
</testsuite> <!-- com.simplilearn.resttesting.PostRequestTest -->
