<?xml version="1.0" encoding="UTF-8"?>
<!-- Generated by org.testng.reporters.JUnitReportReporter -->
<testsuite hostname="sham" failures="0" tests="1" name="com.simplilearn.resttesting.PutRequestTest" time="2.827" errors="0" timestamp="2024-01-20T16:53:30 IST" skipped="0">
  <testcase classname="com.simplilearn.resttesting.PutRequestTest" name="putRequestTest" time="2.827"/>
</testsuite> <!-- com.simplilearn.resttesting.PutRequestTest -->
