<?xml version="1.0" encoding="UTF-8"?>
<!-- Generated by org.testng.reporters.JUnitReportReporter -->
<testsuite hostname="sham" failures="0" tests="4" name="com.simplilearn.soaptesting.GetCapitalByCountryCodeTest" time="2.859" errors="0" timestamp="2024-01-18T13:30:01 IST" skipped="0">
  <testcase classname="com.simplilearn.soaptesting.GetCapitalByCountryCodeTest" name="postXMLRequestTest" time="0.710"/>
  <testcase classname="com.simplilearn.soaptesting.GetCapitalByCountryCodeTest" name="postXMLRequestTest" time="0.793"/>
  <testcase classname="com.simplilearn.soaptesting.GetCapitalByCountryCodeTest" name="postXMLRequestTest" time="0.696"/>
  <testcase classname="com.simplilearn.soaptesting.GetCapitalByCountryCodeTest" name="postXMLRequestTest" time="0.660"/>
</testsuite> <!-- com.simplilearn.soaptesting.GetCapitalByCountryCodeTest -->
