<?xml version="1.0" encoding="UTF-8"?>
<!-- Generated by org.testng.reporters.JUnitReportReporter -->
<testsuite hostname="sham" failures="0" tests="2" name="com.simplilearn.authtesting.OauthAuthenticationTest" time="4.490" errors="0" timestamp="2024-01-20T16:43:34 IST" skipped="0">
  <testcase classname="com.simplilearn.authtesting.OauthAuthenticationTest" name="testAuthenticationBasedOnCredsToken" time="3.152"/>
  <testcase classname="com.simplilearn.authtesting.OauthAuthenticationTest" name="testAuthenticationToken" time="1.338"/>
</testsuite> <!-- com.simplilearn.authtesting.OauthAuthenticationTest -->
