<?xml version="1.0" encoding="UTF-8"?>
<!-- Generated by org.testng.reporters.JUnitReportReporter -->
<testsuite hostname="sham" failures="0" tests="2" name="com.simplilearn.authtesting.SSLAuthenticationTest" time="2.432" errors="0" timestamp="2024-01-20T16:44:07 IST" skipped="0">
  <testcase classname="com.simplilearn.authtesting.SSLAuthenticationTest" name="testSSLCertificate2" time="0.498"/>
  <testcase classname="com.simplilearn.authtesting.SSLAuthenticationTest" name="testSSLCertificate1" time="1.934"/>
</testsuite> <!-- com.simplilearn.authtesting.SSLAuthenticationTest -->
