<?xml version="1.0" encoding="UTF-8"?>
<!-- Generated by org.testng.reporters.JUnitReportReporter -->
<testsuite hostname="sham" failures="0" tests="3" name="com.simplilearn.testng.TestNGAnnotationTest" time="0.007" errors="0" timestamp="2023-12-20T14:25:05 IST" skipped="0">
  <testcase classname="com.simplilearn.testng.TestNGAnnotationTest" name="testTwo" time="0.002"/>
  <testcase classname="com.simplilearn.testng.TestNGAnnotationTest" name="testOne" time="0.004"/>
  <testcase classname="com.simplilearn.testng.TestNGAnnotationTest" name="testthree" time="0.001"/>
</testsuite> <!-- com.simplilearn.testng.TestNGAnnotationTest -->
