<?xml version="1.0" encoding="UTF-8"?>
<!-- Generated by org.testng.reporters.JUnitReportReporter -->
<testsuite hostname="sham" failures="0" tests="2" name="com.simplilearn.testng.amazon.LinkVerificationXpath" time="25.096" errors="0" timestamp="2023-12-20T14:25:05 IST" skipped="0">
  <testcase classname="com.simplilearn.testng.amazon.LinkVerificationXpath" name="xpathLinkTest2" time="12.132"/>
  <testcase classname="com.simplilearn.testng.amazon.LinkVerificationXpath" name="xpathLinkTest1" time="12.964"/>
</testsuite> <!-- com.simplilearn.testng.amazon.LinkVerificationXpath -->
