<?xml version="1.0" encoding="UTF-8"?>
<!-- Generated by org.testng.reporters.JUnitReportReporter -->
<testsuite hostname="sham" failures="0" tests="2" name="com.simplilearn.testng.amazon.LinkVerificationTest" time="26.167" errors="0" timestamp="2023-12-20T14:25:05 IST" skipped="0">
  <testcase classname="com.simplilearn.testng.amazon.LinkVerificationTest" name="linkTest2" time="12.758"/>
  <testcase classname="com.simplilearn.testng.amazon.LinkVerificationTest" name="linkTest1" time="13.409"/>
</testsuite> <!-- com.simplilearn.testng.amazon.LinkVerificationTest -->
