<?xml version="1.0" encoding="UTF-8"?>
<!-- Generated by org.testng.reporters.JUnitReportReporter -->
<testsuite hostname="sham" failures="0" tests="3" name="com.simplilearn.testng.amazon.AmazonSearchTest" time="12.892" errors="0" timestamp="2023-12-20T14:25:05 IST" skipped="0">
  <testcase classname="com.simplilearn.testng.amazon.AmazonSearchTest" name="testSearch2" time="4.157"/>
  <testcase classname="com.simplilearn.testng.amazon.AmazonSearchTest" name="testSearch1" time="4.309"/>
  <testcase classname="com.simplilearn.testng.amazon.AmazonSearchTest" name="testSearch3" time="4.426"/>
</testsuite> <!-- com.simplilearn.testng.amazon.AmazonSearchTest -->
