<?xml version="1.0" encoding="UTF-8"?>
<!-- Generated by org.testng.reporters.JUnitReportReporter -->
<testsuite hostname="sham" failures="0" tests="6" name="com.simplilearn.testng.AttributeGroup" time="0.114" errors="0" timestamp="2023-12-20T14:25:05 IST" skipped="1">
  <testcase classname="com.simplilearn.testng.AttributeGroup" name="r2" time="0.109"/>
  <testcase classname="com.simplilearn.testng.AttributeGroup" name="r3" time="0.001"/>
  <testcase classname="com.simplilearn.testng.AttributeGroup" name="r1" time="0.001"/>
  <testcase classname="com.simplilearn.testng.AttributeGroup" name="testOne" time="0.001"/>
  <testcase classname="com.simplilearn.testng.AttributeGroup" name="testTwo" time="0.002"/>
  <testcase classname="com.simplilearn.testng.AttributeGroup" name="testThree">
    <skipped/>
  </testcase> <!-- testThree -->
</testsuite> <!-- com.simplilearn.testng.AttributeGroup -->
