<?xml version="1.0" encoding="UTF-8"?>
<!-- Generated by org.testng.reporters.JUnitReportReporter -->
<testsuite hostname="sham" failures="0" tests="3" name="com.simplilearn.testng.amazon.AmazonHomePage" time="36.727" errors="0" timestamp="2023-12-20T14:25:05 IST" skipped="0">
  <testcase classname="com.simplilearn.testng.amazon.AmazonHomePage" name="testAmazonHomePageSourceUrl" time="11.673"/>
  <testcase classname="com.simplilearn.testng.amazon.AmazonHomePage" name="testAmazonHomePageTitle2" time="14.180"/>
  <testcase classname="com.simplilearn.testng.amazon.AmazonHomePage" name="testAmazonHomePageTitle" time="10.874"/>
</testsuite> <!-- com.simplilearn.testng.amazon.AmazonHomePage -->
