<?xml version="1.0" encoding="UTF-8"?>
<!-- Generated by org.testng.reporters.JUnitReportReporter -->
<testsuite hostname="sham" failures="0" tests="3" name="com.simplilearn.testng.AssertionTest" time="0.025" errors="0" timestamp="2023-12-20T14:25:05 IST" skipped="0">
  <testcase classname="com.simplilearn.testng.AssertionTest" name="hardAssert" time="0.002"/>
  <testcase classname="com.simplilearn.testng.AssertionTest" name="softAssert" time="0.021"/>
  <testcase classname="com.simplilearn.testng.AssertionTest" name="assetTest" time="0.002"/>
</testsuite> <!-- com.simplilearn.testng.AssertionTest -->
